[debug] [2021-01-10T18:41:58.458Z] ----------------------------------------------------------------------
[debug] [2021-01-10T18:41:58.460Z] Command:       /usr/bin/node /usr/local/bin/firebase deploy
[debug] [2021-01-10T18:41:58.460Z] CLI Version:   8.12.1
[debug] [2021-01-10T18:41:58.460Z] Platform:      linux
[debug] [2021-01-10T18:41:58.460Z] Node Version:  v10.19.0
[debug] [2021-01-10T18:41:58.461Z] Time:          Mon Jan 11 2021 00:11:58 GMT+0530 (India Standard Time)
[debug] [2021-01-10T18:41:58.461Z] ----------------------------------------------------------------------
[debug] [2021-01-10T18:41:58.461Z] 
[debug] [2021-01-10T18:41:58.466Z] > command requires scopes: ["email","openid","https://www.googleapis.com/auth/cloudplatformprojects.readonly","https://www.googleapis.com/auth/firebase","https://www.googleapis.com/auth/cloud-platform"]
[debug] [2021-01-10T18:41:58.466Z] > authorizing via signed-in user
[debug] [2021-01-10T18:41:58.467Z] [iam] checking project todo-f733a for permissions ["firebase.projects.get","firebasehosting.sites.update"]
[debug] [2021-01-10T18:41:58.469Z] >>> HTTP REQUEST POST https://cloudresourcemanager.googleapis.com/v1/projects/todo-f733a:testIamPermissions  
 {"permissions":["firebase.projects.get","firebasehosting.sites.update"]}
[debug] [2021-01-10T18:42:00.098Z] <<< HTTP RESPONSE 200 {"content-type":"application/json; charset=UTF-8","vary":"X-Origin, Referer, Origin,Accept-Encoding","date":"Sun, 10 Jan 2021 18:41:59 GMT","server":"ESF","cache-control":"private","x-xss-protection":"0","x-frame-options":"SAMEORIGIN","x-content-type-options":"nosniff","server-timing":"gfet4t7; dur=1171","alt-svc":"h3-29=\":443\"; ma=2592000,h3-T051=\":443\"; ma=2592000,h3-Q050=\":443\"; ma=2592000,h3-Q046=\":443\"; ma=2592000,h3-Q043=\":443\"; ma=2592000,quic=\":443\"; ma=2592000; v=\"46,43\"","accept-ranges":"none","transfer-encoding":"chunked"}
[debug] [2021-01-10T18:42:00.105Z] >>> HTTP REQUEST GET https://firebase.googleapis.com/v1beta1/projects/todo-f733a  
 
[debug] [2021-01-10T18:42:00.907Z] <<< HTTP RESPONSE 200 {"content-type":"application/json; charset=UTF-8","vary":"X-Origin, Referer, Origin,Accept-Encoding","date":"Sun, 10 Jan 2021 18:42:00 GMT","server":"ESF","cache-control":"private","x-xss-protection":"0","x-frame-options":"SAMEORIGIN","x-content-type-options":"nosniff","alt-svc":"h3-29=\":443\"; ma=2592000,h3-T051=\":443\"; ma=2592000,h3-Q050=\":443\"; ma=2592000,h3-Q046=\":443\"; ma=2592000,h3-Q043=\":443\"; ma=2592000,quic=\":443\"; ma=2592000; v=\"46,43\"","accept-ranges":"none","transfer-encoding":"chunked"}
[info] 
[info] === Deploying to 'todo-f733a'...
[info] 
[info] i  deploying hosting 
[debug] [2021-01-10T18:42:00.918Z] >>> HTTP REQUEST POST https://firebasehosting.googleapis.com/v1beta1/sites/todo-f733a/versions  
 {"config":{"rewrites":[{"glob":"**","path":"/index.html"}]},"labels":{"deployment-tool":"cli-firebase"}}
